#
# A fatal error has been detected by the Java Runtime Environment:
#
#  Internal Error (./open/src/hotspot/share/runtime/vmThread.cpp:680), pid=24228, tid=25868
#  fatal error: Nested VM operation CollectForMetadataAllocation requested by operation ChangeBreakpoints
#
# JRE version: Java(TM) SE Runtime Environment 18.9 (11.0.18+9) (build 11.0.18+9-LTS-195)
# Java VM: Java HotSpot(TM) 64-Bit Server VM 18.9 (11.0.18+9-LTS-195, mixed mode, tiered, compressed oops, g1 gc, windows-amd64)
# No core dump will be written. Minidumps are not enabled by default on client versions of Windows
#
# If you would like to submit a bug report, please visit:
#   https://bugreport.java.com/bugreport/crash.jsp
#

---------------  S U M M A R Y ------------

Command Line: -agentlib:jdwp=transport=dt_socket,address=127.0.0.1:62856,suspend=y,server=n -ea -Didea.test.cyclic.buffer.size=1048576 -javaagent:C:\Users\FaroukKraiem\AppData\Local\JetBrains\IntelliJIdea2023.1\captureAgent\debugger-agent.jar -Dfile.encoding=UTF-8 com.intellij.rt.junit.JUnitStarter -ideVersion5 -junit5 @w@C:\Users\FaroukKraiem\AppData\Local\Temp\idea_working_dirs_junit.tmp @C:\Users\FaroukKraiem\AppData\Local\Temp\idea_junit.tmp

Host: 12th Gen Intel(R) Core(TM) i7-1260P, 16 cores, 31G,  Windows 11 , 64 bit Build 22621 (10.0.22621.2070)
Time: Wed Aug 30 13:55:06 2023 Romance Daylight Time elapsed time: 4.128723 seconds (0d 0h 0m 4s)

---------------  T H R E A D  ---------------

Current thread (0x0000021c60018000):  VMThread "VM Thread" [stack: 0x000000c872200000,0x000000c872300000] [id=25868]

Stack: [0x000000c872200000,0x000000c872300000]
[error occurred during error reporting (printing stack bounds), id 0xc0000005, EXCEPTION_ACCESS_VIOLATION (0xc0000005) at pc=0x0000021c39f70f2d]

Native frames: (J=compiled Java code, j=interpreted, Vv=VM code, C=native code)
V  [jvm.dll+0x65d8aa]
V  [jvm.dll+0x79fc1f]
V  [jvm.dll+0x7a12e9]
V  [jvm.dll+0x7a18e5]
V  [jvm.dll+0x7a189b]
V  [jvm.dll+0x65cdb3]
V  [jvm.dll+0x65d4a8]
C  [ntdll.dll+0xa3dff]
C  [ntdll.dll+0x1e456]
C  [ntdll.dll+0xa2dee]
C  0x0000021c39f70f2d

VM_Operation (0x000000c8731ff910): ChangeBreakpoints, mode: safepoint, requested by thread 0x0000021c604ac800


---------------  P R O C E S S  ---------------

Threads class SMR info:
_java_thread_list=0x0000021c60b3f480, length=23, elements={
0x0000021c328ab800, 0x0000021c6001c800, 0x0000021c6001d800, 0x0000021c60080800,
0x0000021c60081800, 0x0000021c60083000, 0x0000021c60087800, 0x0000021c60089800,
0x0000021c6008c800, 0x0000021c601ba000, 0x0000021c601fd000, 0x0000021c60200000,
0x0000021c60202800, 0x0000021c604ac800, 0x0000021c60563000, 0x0000021c60564800,
0x0000021c61a6d000, 0x0000021c62997800, 0x0000021c624c0000, 0x0000021c62b0b800,
0x0000021c6464e800, 0x0000021c62ccc000, 0x0000021c62ccc800
}

Java Threads: ( => current thread )
  0x0000021c328ab800 JavaThread "main" [_thread_blocked, id=8088, stack(0x000000c871c00000,0x000000c871d00000)]
  0x0000021c6001c800 JavaThread "Reference Handler" daemon [_thread_blocked, id=18292, stack(0x000000c872300000,0x000000c872400000)]
  0x0000021c6001d800 JavaThread "Finalizer" daemon [_thread_blocked, id=28028, stack(0x000000c872400000,0x000000c872500000)]
  0x0000021c60080800 JavaThread "Signal Dispatcher" daemon [_thread_blocked, id=3796, stack(0x000000c872500000,0x000000c872600000)]
  0x0000021c60081800 JavaThread "Attach Listener" daemon [_thread_blocked, id=17844, stack(0x000000c872600000,0x000000c872700000)]
  0x0000021c60083000 JavaThread "Service Thread" daemon [_thread_blocked, id=30424, stack(0x000000c872700000,0x000000c872800000)]
  0x0000021c60087800 JavaThread "C2 CompilerThread0" daemon [_thread_blocked, id=5824, stack(0x000000c872800000,0x000000c872900000)]
  0x0000021c60089800 JavaThread "C1 CompilerThread0" daemon [_thread_blocked, id=30088, stack(0x000000c872900000,0x000000c872a00000)]
  0x0000021c6008c800 JavaThread "Sweeper thread" daemon [_thread_blocked, id=25472, stack(0x000000c872a00000,0x000000c872b00000)]
  0x0000021c601ba000 JavaThread "Common-Cleaner" daemon [_thread_blocked, id=4704, stack(0x000000c872b00000,0x000000c872c00000)]
  0x0000021c601fd000 JavaThread "C1 CompilerThread1" daemon [_thread_blocked, id=27972, stack(0x000000c872c00000,0x000000c872d00000)]
  0x0000021c60200000 JavaThread "C1 CompilerThread2" daemon [_thread_blocked, id=25784, stack(0x000000c872d00000,0x000000c872e00000)]
  0x0000021c60202800 JavaThread "C1 CompilerThread3" daemon [_thread_blocked, id=16436, stack(0x000000c872e00000,0x000000c872f00000)]
  0x0000021c604ac800 JavaThread "JDWP Transport Listener: dt_socket" daemon [_thread_blocked, id=24504, stack(0x000000c873100000,0x000000c873200000)]
  0x0000021c60563000 JavaThread "JDWP Event Helper Thread" daemon [_thread_blocked, id=24960, stack(0x000000c873200000,0x000000c873300000)]
  0x0000021c60564800 JavaThread "JDWP Command Reader" daemon [_thread_in_native, id=19828, stack(0x000000c873300000,0x000000c873400000)]
  0x0000021c61a6d000 JavaThread "C2 CompilerThread1" daemon [_thread_blocked, id=23924, stack(0x000000c873000000,0x000000c873100000)]
  0x0000021c62997800 JavaThread "C2 CompilerThread2" daemon [_thread_blocked, id=12320, stack(0x000000c873400000,0x000000c873500000)]
  0x0000021c624c0000 JavaThread "C2 CompilerThread3" daemon [_thread_blocked, id=17136, stack(0x000000c874000000,0x000000c874100000)]
  0x0000021c62b0b800 JavaThread "C2 CompilerThread4" daemon [_thread_blocked, id=25704, stack(0x000000c874100000,0x000000c874200000)]
  0x0000021c6464e800 JavaThread "C2 CompilerThread5" daemon [_thread_blocked, id=25324, stack(0x000000c874400000,0x000000c874500000)]
  0x0000021c62ccc000 JavaThread "C2 CompilerThread6" daemon [_thread_blocked, id=9044, stack(0x000000c874500000,0x000000c874600000)]
  0x0000021c62ccc800 JavaThread "C2 CompilerThread7" daemon [_thread_blocked, id=25900, stack(0x000000c874600000,0x000000c874700000)]

Other Threads:
=>0x0000021c60018000 VMThread "VM Thread" [stack: 0x000000c872200000,0x000000c872300000] [id=25868]
  0x0000021c604a2000 WatcherThread [stack: 0x000000c872f00000,0x000000c873000000] [id=7380]
  0x0000021c328c3800 GCTaskThread "GC Thread#0" [stack: 0x000000c871d00000,0x000000c871e00000] [id=23716]
  0x0000021c60e25000 GCTaskThread "GC Thread#1" [stack: 0x000000c873500000,0x000000c873600000] [id=28364]
  0x0000021c60d40800 GCTaskThread "GC Thread#2" [stack: 0x000000c873600000,0x000000c873700000] [id=24564]
  0x0000021c60afe000 GCTaskThread "GC Thread#3" [stack: 0x000000c873700000,0x000000c873800000] [id=26136]
  0x0000021c60ddd000 GCTaskThread "GC Thread#4" [stack: 0x000000c873800000,0x000000c873900000] [id=28704]
  0x0000021c6109e000 GCTaskThread "GC Thread#5" [stack: 0x000000c873900000,0x000000c873a00000] [id=4380]
  0x0000021c6109f000 GCTaskThread "GC Thread#6" [stack: 0x000000c873a00000,0x000000c873b00000] [id=24052]
  0x0000021c61099800 GCTaskThread "GC Thread#7" [stack: 0x000000c873b00000,0x000000c873c00000] [id=21912]
  0x0000021c610a0800 GCTaskThread "GC Thread#8" [stack: 0x000000c873c00000,0x000000c873d00000] [id=22952]
  0x0000021c6109a000 GCTaskThread "GC Thread#9" [stack: 0x000000c873d00000,0x000000c873e00000] [id=10196]
  0x0000021c6109b800 GCTaskThread "GC Thread#10" [stack: 0x000000c873e00000,0x000000c873f00000] [id=16096]
  0x0000021c6109d000 GCTaskThread "GC Thread#11" [stack: 0x000000c873f00000,0x000000c874000000] [id=20628]
  0x0000021c32942000 ConcurrentGCThread "G1 Main Marker" [stack: 0x000000c871e00000,0x000000c871f00000] [id=1220]
  0x0000021c32944000 ConcurrentGCThread "G1 Conc#0" [stack: 0x000000c871f00000,0x000000c872000000] [id=30552]
  0x0000021c6109b000 ConcurrentGCThread "G1 Conc#1" [stack: 0x000000c874200000,0x000000c874300000] [id=30240]
  0x0000021c6109e800 ConcurrentGCThread "G1 Conc#2" [stack: 0x000000c874300000,0x000000c874400000] [id=16832]
  0x0000021c5f439800 ConcurrentGCThread "G1 Refine#0" [stack: 0x000000c872000000,0x000000c872100000] [id=13696]
  0x0000021c5f43c800 ConcurrentGCThread "G1 Young RemSet Sampling" [stack: 0x000000c872100000,0x000000c872200000] [id=25740]

Threads with active compile tasks:

VM state:at safepoint (normal execution)

VM Mutex/Monitor currently owned by a thread:  ([mutex/lock_event])
[0x0000021c328a7290] Threads_lock - owner thread: 0x0000021c60018000

Heap address: 0x0000000604a00000, size: 8118 MB, Compressed Oops mode: Zero based, Oop shift amount: 3
Narrow klass base: 0x0000000800000000, Narrow klass shift: 0
Compressed class space size: 1073741824 Address: 0x0000000800000000

Heap:
 garbage-first heap   total 520192K, used 143721K [0x0000000604a00000, 0x0000000800000000)
  region size 2048K, 69 young (141312K), 7 survivors (14336K)
 Metaspace       used 35088K, capacity 35836K, committed 35920K, reserved 1081344K
  class space    used 4030K, capacity 4352K, committed 4352K, reserved 1048576K
Heap Regions: E=young(eden), S=young(survivor), O=old, HS=humongous(starts), HC=humongous(continues), CS=collection set, F=free, A=archive, TAMS=top-at-mark-start (previous, next)
|   0|0x0000000604a00000, 0x0000000604c00000, 0x0000000604c00000|100%| O|  |TAMS 0x0000000604abba00, 0x0000000604a00000| Untracked 
|   1|0x0000000604c00000, 0x0000000604e00000, 0x0000000604e00000|100%| O|  |TAMS 0x0000000604c00000, 0x0000000604c00000| Untracked 
|   2|0x0000000604e00000, 0x0000000604eb0800, 0x0000000605000000| 34%| O|  |TAMS 0x0000000604e00000, 0x0000000604e00000| Untracked 
|   3|0x0000000605000000, 0x0000000605000000, 0x0000000605200000|  0%| F|  |TAMS 0x0000000605000000, 0x0000000605000000| Untracked 
|   4|0x0000000605200000, 0x0000000605200000, 0x0000000605400000|  0%| F|  |TAMS 0x0000000605200000, 0x0000000605200000| Untracked 
|   5|0x0000000605400000, 0x0000000605400000, 0x0000000605600000|  0%| F|  |TAMS 0x0000000605400000, 0x0000000605400000| Untracked 
|   6|0x0000000605600000, 0x0000000605600000, 0x0000000605800000|  0%| F|  |TAMS 0x0000000605600000, 0x0000000605600000| Untracked 
|   7|0x0000000605800000, 0x0000000605800000, 0x0000000605a00000|  0%| F|  |TAMS 0x0000000605800000, 0x0000000605800000| Untracked 
|   8|0x0000000605a00000, 0x0000000605a00000, 0x0000000605c00000|  0%| F|  |TAMS 0x0000000605a00000, 0x0000000605a00000| Untracked 
|   9|0x0000000605c00000, 0x0000000605c00000, 0x0000000605e00000|  0%| F|  |TAMS 0x0000000605c00000, 0x0000000605c00000| Untracked 
|  10|0x0000000605e00000, 0x0000000605e00000, 0x0000000606000000|  0%| F|  |TAMS 0x0000000605e00000, 0x0000000605e00000| Untracked 
|  11|0x0000000606000000, 0x0000000606000000, 0x0000000606200000|  0%| F|  |TAMS 0x0000000606000000, 0x0000000606000000| Untracked 
|  12|0x0000000606200000, 0x0000000606200000, 0x0000000606400000|  0%| F|  |TAMS 0x0000000606200000, 0x0000000606200000| Untracked 
|  13|0x0000000606400000, 0x0000000606400000, 0x0000000606600000|  0%| F|  |TAMS 0x0000000606400000, 0x0000000606400000| Untracked 
|  14|0x0000000606600000, 0x0000000606600000, 0x0000000606800000|  0%| F|  |TAMS 0x0000000606600000, 0x0000000606600000| Untracked 
|  15|0x0000000606800000, 0x0000000606800000, 0x0000000606a00000|  0%| F|  |TAMS 0x0000000606800000, 0x0000000606800000| Untracked 
|  16|0x0000000606a00000, 0x0000000606a00000, 0x0000000606c00000|  0%| F|  |TAMS 0x0000000606a00000, 0x0000000606a00000| Untracked 
|  17|0x0000000606c00000, 0x0000000606c00000, 0x0000000606e00000|  0%| F|  |TAMS 0x0000000606c00000, 0x0000000606c00000| Untracked 
|  18|0x0000000606e00000, 0x0000000606e00000, 0x0000000607000000|  0%| F|  |TAMS 0x0000000606e00000, 0x0000000606e00000| Untracked 
|  19|0x0000000607000000, 0x0000000607000000, 0x0000000607200000|  0%| F|  |TAMS 0x0000000607000000, 0x0000000607000000| Untracked 
|  20|0x0000000607200000, 0x0000000607200000, 0x0000000607400000|  0%| F|  |TAMS 0x0000000607200000, 0x0000000607200000| Untracked 
|  21|0x0000000607400000, 0x0000000607400000, 0x0000000607600000|  0%| F|  |TAMS 0x0000000607400000, 0x0000000607400000| Untracked 
|  22|0x0000000607600000, 0x0000000607600000, 0x0000000607800000|  0%| F|  |TAMS 0x0000000607600000, 0x0000000607600000| Untracked 
|  23|0x0000000607800000, 0x0000000607800000, 0x0000000607a00000|  0%| F|  |TAMS 0x0000000607800000, 0x0000000607800000| Untracked 
|  24|0x0000000607a00000, 0x0000000607a00000, 0x0000000607c00000|  0%| F|  |TAMS 0x0000000607a00000, 0x0000000607a00000| Untracked 
|  25|0x0000000607c00000, 0x0000000607c00000, 0x0000000607e00000|  0%| F|  |TAMS 0x0000000607c00000, 0x0000000607c00000| Untracked 
|  26|0x0000000607e00000, 0x0000000607e00000, 0x0000000608000000|  0%| F|  |TAMS 0x0000000607e00000, 0x0000000607e00000| Untracked 
|  27|0x0000000608000000, 0x0000000608000000, 0x0000000608200000|  0%| F|  |TAMS 0x0000000608000000, 0x0000000608000000| Untracked 
|  28|0x0000000608200000, 0x0000000608200000, 0x0000000608400000|  0%| F|  |TAMS 0x0000000608200000, 0x0000000608200000| Untracked 
|  29|0x0000000608400000, 0x0000000608400000, 0x0000000608600000|  0%| F|  |TAMS 0x0000000608400000, 0x0000000608400000| Untracked 
|  30|0x0000000608600000, 0x0000000608600000, 0x0000000608800000|  0%| F|  |TAMS 0x0000000608600000, 0x0000000608600000| Untracked 
|  31|0x0000000608800000, 0x0000000608800000, 0x0000000608a00000|  0%| F|  |TAMS 0x0000000608800000, 0x0000000608800000| Untracked 
|  32|0x0000000608a00000, 0x0000000608a00000, 0x0000000608c00000|  0%| F|  |TAMS 0x0000000608a00000, 0x0000000608a00000| Untracked 
|  33|0x0000000608c00000, 0x0000000608c00000, 0x0000000608e00000|  0%| F|  |TAMS 0x0000000608c00000, 0x0000000608c00000| Untracked 
|  34|0x0000000608e00000, 0x0000000608e00000, 0x0000000609000000|  0%| F|  |TAMS 0x0000000608e00000, 0x0000000608e00000| Untracked 
|  35|0x0000000609000000, 0x0000000609000000, 0x0000000609200000|  0%| F|  |TAMS 0x0000000609000000, 0x0000000609000000| Untracked 
|  36|0x0000000609200000, 0x0000000609200000, 0x0000000609400000|  0%| F|  |TAMS 0x0000000609200000, 0x0000000609200000| Untracked 
|  37|0x0000000609400000, 0x0000000609400000, 0x0000000609600000|  0%| F|  |TAMS 0x0000000609400000, 0x0000000609400000| Untracked 
|  38|0x0000000609600000, 0x0000000609600000, 0x0000000609800000|  0%| F|  |TAMS 0x0000000609600000, 0x0000000609600000| Untracked 
|  39|0x0000000609800000, 0x0000000609800000, 0x0000000609a00000|  0%| F|  |TAMS 0x0000000609800000, 0x0000000609800000| Untracked 
|  40|0x0000000609a00000, 0x0000000609a00000, 0x0000000609c00000|  0%| F|  |TAMS 0x0000000609a00000, 0x0000000609a00000| Untracked 
|  41|0x0000000609c00000, 0x0000000609c00000, 0x0000000609e00000|  0%| F|  |TAMS 0x0000000609c00000, 0x0000000609c00000| Untracked 
|  42|0x0000000609e00000, 0x0000000609e00000, 0x000000060a000000|  0%| F|  |TAMS 0x0000000609e00000, 0x0000000609e00000| Untracked 
|  43|0x000000060a000000, 0x000000060a000000, 0x000000060a200000|  0%| F|  |TAMS 0x000000060a000000, 0x000000060a000000| Untracked 
|  44|0x000000060a200000, 0x000000060a200000, 0x000000060a400000|  0%| F|  |TAMS 0x000000060a200000, 0x000000060a200000| Untracked 
|  45|0x000000060a400000, 0x000000060a400000, 0x000000060a600000|  0%| F|  |TAMS 0x000000060a400000, 0x000000060a400000| Untracked 
|  46|0x000000060a600000, 0x000000060a600000, 0x000000060a800000|  0%| F|  |TAMS 0x000000060a600000, 0x000000060a600000| Untracked 
|  47|0x000000060a800000, 0x000000060a800000, 0x000000060aa00000|  0%| F|  |TAMS 0x000000060a800000, 0x000000060a800000| Untracked 
|  48|0x000000060aa00000, 0x000000060aa00000, 0x000000060ac00000|  0%| F|  |TAMS 0x000000060aa00000, 0x000000060aa00000| Untracked 
|  49|0x000000060ac00000, 0x000000060ac00000, 0x000000060ae00000|  0%| F|  |TAMS 0x000000060ac00000, 0x000000060ac00000| Untracked 
|  50|0x000000060ae00000, 0x000000060ae00000, 0x000000060b000000|  0%| F|  |TAMS 0x000000060ae00000, 0x000000060ae00000| Untracked 
|  51|0x000000060b000000, 0x000000060b000000, 0x000000060b200000|  0%| F|  |TAMS 0x000000060b000000, 0x000000060b000000| Untracked 
|  52|0x000000060b200000, 0x000000060b200000, 0x000000060b400000|  0%| F|  |TAMS 0x000000060b200000, 0x000000060b200000| Untracked 
|  53|0x000000060b400000, 0x000000060b400000, 0x000000060b600000|  0%| F|  |TAMS 0x000000060b400000, 0x000000060b400000| Untracked 
|  54|0x000000060b600000, 0x000000060b600000, 0x000000060b800000|  0%| F|  |TAMS 0x000000060b600000, 0x000000060b600000| Untracked 
|  55|0x000000060b800000, 0x000000060b800000, 0x000000060ba00000|  0%| F|  |TAMS 0x000000060b800000, 0x000000060b800000| Untracked 
|  56|0x000000060ba00000, 0x000000060ba00000, 0x000000060bc00000|  0%| F|  |TAMS 0x000000060ba00000, 0x000000060ba00000| Untracked 
|  57|0x000000060bc00000, 0x000000060bc00000, 0x000000060be00000|  0%| F|  |TAMS 0x000000060bc00000, 0x000000060bc00000| Untracked 
|  58|0x000000060be00000, 0x000000060be00000, 0x000000060c000000|  0%| F|  |TAMS 0x000000060be00000, 0x000000060be00000| Untracked 
|  59|0x000000060c000000, 0x000000060c000000, 0x000000060c200000|  0%| F|  |TAMS 0x000000060c000000, 0x000000060c000000| Untracked 
|  60|0x000000060c200000, 0x000000060c200000, 0x000000060c400000|  0%| F|  |TAMS 0x000000060c200000, 0x000000060c200000| Untracked 
|  61|0x000000060c400000, 0x000000060c400000, 0x000000060c600000|  0%| F|  |TAMS 0x000000060c400000, 0x000000060c400000| Untracked 
|  62|0x000000060c600000, 0x000000060c600000, 0x000000060c800000|  0%| F|  |TAMS 0x000000060c600000, 0x000000060c600000| Untracked 
|  63|0x000000060c800000, 0x000000060c800000, 0x000000060ca00000|  0%| F|  |TAMS 0x000000060c800000, 0x000000060c800000| Untracked 
|  64|0x000000060ca00000, 0x000000060ca00000, 0x000000060cc00000|  0%| F|  |TAMS 0x000000060ca00000, 0x000000060ca00000| Untracked 
|  65|0x000000060cc00000, 0x000000060cc00000, 0x000000060ce00000|  0%| F|  |TAMS 0x000000060cc00000, 0x000000060cc00000| Untracked 
|  66|0x000000060ce00000, 0x000000060ce00000, 0x000000060d000000|  0%| F|  |TAMS 0x000000060ce00000, 0x000000060ce00000| Untracked 
|  67|0x000000060d000000, 0x000000060d000000, 0x000000060d200000|  0%| F|  |TAMS 0x000000060d000000, 0x000000060d000000| Untracked 
|  68|0x000000060d200000, 0x000000060d200000, 0x000000060d400000|  0%| F|  |TAMS 0x000000060d200000, 0x000000060d200000| Untracked 
|  69|0x000000060d400000, 0x000000060d400000, 0x000000060d600000|  0%| F|  |TAMS 0x000000060d400000, 0x000000060d400000| Untracked 
|  70|0x000000060d600000, 0x000000060d600000, 0x000000060d800000|  0%| F|  |TAMS 0x000000060d600000, 0x000000060d600000| Untracked 
|  71|0x000000060d800000, 0x000000060d800000, 0x000000060da00000|  0%| F|  |TAMS 0x000000060d800000, 0x000000060d800000| Untracked 
|  72|0x000000060da00000, 0x000000060da00000, 0x000000060dc00000|  0%| F|  |TAMS 0x000000060da00000, 0x000000060da00000| Untracked 
|  73|0x000000060dc00000, 0x000000060dc00000, 0x000000060de00000|  0%| F|  |TAMS 0x000000060dc00000, 0x000000060dc00000| Untracked 
|  74|0x000000060de00000, 0x000000060de00000, 0x000000060e000000|  0%| F|  |TAMS 0x000000060de00000, 0x000000060de00000| Untracked 
|  75|0x000000060e000000, 0x000000060e000000, 0x000000060e200000|  0%| F|  |TAMS 0x000000060e000000, 0x000000060e000000| Untracked 
|  76|0x000000060e200000, 0x000000060e200000, 0x000000060e400000|  0%| F|  |TAMS 0x000000060e200000, 0x000000060e200000| Untracked 
|  77|0x000000060e400000, 0x000000060e400000, 0x000000060e600000|  0%| F|  |TAMS 0x000000060e400000, 0x000000060e400000| Untracked 
|  78|0x000000060e600000, 0x000000060e600000, 0x000000060e800000|  0%| F|  |TAMS 0x000000060e600000, 0x000000060e600000| Untracked 
|  79|0x000000060e800000, 0x000000060e800000, 0x000000060ea00000|  0%| F|  |TAMS 0x000000060e800000, 0x000000060e800000| Untracked 
|  80|0x000000060ea00000, 0x000000060ea00000, 0x000000060ec00000|  0%| F|  |TAMS 0x000000060ea00000, 0x000000060ea00000| Untracked 
|  81|0x000000060ec00000, 0x000000060ec00000, 0x000000060ee00000|  0%| F|  |TAMS 0x000000060ec00000, 0x000000060ec00000| Untracked 
|  82|0x000000060ee00000, 0x000000060ee00000, 0x000000060f000000|  0%| F|  |TAMS 0x000000060ee00000, 0x000000060ee00000| Untracked 
|  83|0x000000060f000000, 0x000000060f000000, 0x000000060f200000|  0%| F|  |TAMS 0x000000060f000000, 0x000000060f000000| Untracked 
|  84|0x000000060f200000, 0x000000060f200000, 0x000000060f400000|  0%| F|  |TAMS 0x000000060f200000, 0x000000060f200000| Untracked 
|  85|0x000000060f400000, 0x000000060f400000, 0x000000060f600000|  0%| F|  |TAMS 0x000000060f400000, 0x000000060f400000| Untracked 
|  86|0x000000060f600000, 0x000000060f600000, 0x000000060f800000|  0%| F|  |TAMS 0x000000060f600000, 0x000000060f600000| Untracked 
|  87|0x000000060f800000, 0x000000060f800000, 0x000000060fa00000|  0%| F|  |TAMS 0x000000060f800000, 0x000000060f800000| Untracked 
|  88|0x000000060fa00000, 0x000000060fa00000, 0x000000060fc00000|  0%| F|  |TAMS 0x000000060fa00000, 0x000000060fa00000| Untracked 
|  89|0x000000060fc00000, 0x000000060fc00000, 0x000000060fe00000|  0%| F|  |TAMS 0x000000060fc00000, 0x000000060fc00000| Untracked 
|  90|0x000000060fe00000, 0x000000060fe00000, 0x0000000610000000|  0%| F|  |TAMS 0x000000060fe00000, 0x000000060fe00000| Untracked 
|  91|0x0000000610000000, 0x0000000610000000, 0x0000000610200000|  0%| F|  |TAMS 0x0000000610000000, 0x0000000610000000| Untracked 
|  92|0x0000000610200000, 0x0000000610200000, 0x0000000610400000|  0%| F|  |TAMS 0x0000000610200000, 0x0000000610200000| Untracked 
|  93|0x0000000610400000, 0x0000000610400000, 0x0000000610600000|  0%| F|  |TAMS 0x0000000610400000, 0x0000000610400000| Untracked 
|  94|0x0000000610600000, 0x0000000610600000, 0x0000000610800000|  0%| F|  |TAMS 0x0000000610600000, 0x0000000610600000| Untracked 
|  95|0x0000000610800000, 0x0000000610800000, 0x0000000610a00000|  0%| F|  |TAMS 0x0000000610800000, 0x0000000610800000| Untracked 
|  96|0x0000000610a00000, 0x0000000610a00000, 0x0000000610c00000|  0%| F|  |TAMS 0x0000000610a00000, 0x0000000610a00000| Untracked 
|  97|0x0000000610c00000, 0x0000000610c00000, 0x0000000610e00000|  0%| F|  |TAMS 0x0000000610c00000, 0x0000000610c00000| Untracked 
|  98|0x0000000610e00000, 0x0000000610e00000, 0x0000000611000000|  0%| F|  |TAMS 0x0000000610e00000, 0x0000000610e00000| Untracked 
|  99|0x0000000611000000, 0x0000000611000000, 0x0000000611200000|  0%| F|  |TAMS 0x0000000611000000, 0x0000000611000000| Untracked 
| 100|0x0000000611200000, 0x0000000611200000, 0x0000000611400000|  0%| F|  |TAMS 0x0000000611200000, 0x0000000611200000| Untracked 
| 101|0x0000000611400000, 0x0000000611400000, 0x0000000611600000|  0%| F|  |TAMS 0x0000000611400000, 0x0000000611400000| Untracked 
| 102|0x0000000611600000, 0x0000000611600000, 0x0000000611800000|  0%| F|  |TAMS 0x0000000611600000, 0x0000000611600000| Untracked 
| 103|0x0000000611800000, 0x0000000611800000, 0x0000000611a00000|  0%| F|  |TAMS 0x0000000611800000, 0x0000000611800000| Untracked 
| 104|0x0000000611a00000, 0x0000000611a00000, 0x0000000611c00000|  0%| F|  |TAMS 0x0000000611a00000, 0x0000000611a00000| Untracked 
| 105|0x0000000611c00000, 0x0000000611c00000, 0x0000000611e00000|  0%| F|  |TAMS 0x0000000611c00000, 0x0000000611c00000| Untracked 
| 106|0x0000000611e00000, 0x0000000611e00000, 0x0000000612000000|  0%| F|  |TAMS 0x0000000611e00000, 0x0000000611e00000| Untracked 
| 107|0x0000000612000000, 0x0000000612000000, 0x0000000612200000|  0%| F|  |TAMS 0x0000000612000000, 0x0000000612000000| Untracked 
| 108|0x0000000612200000, 0x0000000612200000, 0x0000000612400000|  0%| F|  |TAMS 0x0000000612200000, 0x0000000612200000| Untracked 
| 109|0x0000000612400000, 0x0000000612400000, 0x0000000612600000|  0%| F|  |TAMS 0x0000000612400000, 0x0000000612400000| Untracked 
| 110|0x0000000612600000, 0x0000000612600000, 0x0000000612800000|  0%| F|  |TAMS 0x0000000612600000, 0x0000000612600000| Untracked 
| 111|0x0000000612800000, 0x0000000612800000, 0x0000000612a00000|  0%| F|  |TAMS 0x0000000612800000, 0x0000000612800000| Untracked 
| 112|0x0000000612a00000, 0x0000000612a00000, 0x0000000612c00000|  0%| F|  |TAMS 0x0000000612a00000, 0x0000000612a00000| Untracked 
| 113|0x0000000612c00000, 0x0000000612c00000, 0x0000000612e00000|  0%| F|  |TAMS 0x0000000612c00000, 0x0000000612c00000| Untracked 
| 114|0x0000000612e00000, 0x0000000612e00000, 0x0000000613000000|  0%| F|  |TAMS 0x0000000612e00000, 0x0000000612e00000| Untracked 
| 115|0x0000000613000000, 0x0000000613000000, 0x0000000613200000|  0%| F|  |TAMS 0x0000000613000000, 0x0000000613000000| Untracked 
| 116|0x0000000613200000, 0x0000000613200000, 0x0000000613400000|  0%| F|  |TAMS 0x0000000613200000, 0x0000000613200000| Untracked 
| 117|0x0000000613400000, 0x0000000613400000, 0x0000000613600000|  0%| F|  |TAMS 0x0000000613400000, 0x0000000613400000| Untracked 
| 118|0x0000000613600000, 0x0000000613600000, 0x0000000613800000|  0%| F|  |TAMS 0x0000000613600000, 0x0000000613600000| Untracked 
| 119|0x0000000613800000, 0x0000000613800000, 0x0000000613a00000|  0%| F|  |TAMS 0x0000000613800000, 0x0000000613800000| Untracked 
| 120|0x0000000613a00000, 0x0000000613a00000, 0x0000000613c00000|  0%| F|  |TAMS 0x0000000613a00000, 0x0000000613a00000| Untracked 
| 121|0x0000000613c00000, 0x0000000613c00000, 0x0000000613e00000|  0%| F|  |TAMS 0x0000000613c00000, 0x0000000613c00000| Untracked 
| 122|0x0000000613e00000, 0x0000000613e00000, 0x0000000614000000|  0%| F|  |TAMS 0x0000000613e00000, 0x0000000613e00000| Untracked 
| 123|0x0000000614000000, 0x0000000614000000, 0x0000000614200000|  0%| F|  |TAMS 0x0000000614000000, 0x0000000614000000| Untracked 
| 124|0x0000000614200000, 0x0000000614200000, 0x0000000614400000|  0%| F|  |TAMS 0x0000000614200000, 0x0000000614200000| Untracked 
| 125|0x0000000614400000, 0x0000000614400000, 0x0000000614600000|  0%| F|  |TAMS 0x0000000614400000, 0x0000000614400000| Untracked 
| 126|0x0000000614600000, 0x0000000614600000, 0x0000000614800000|  0%| F|  |TAMS 0x0000000614600000, 0x0000000614600000| Untracked 
| 127|0x0000000614800000, 0x0000000614800000, 0x0000000614a00000|  0%| F|  |TAMS 0x0000000614800000, 0x0000000614800000| Untracked 
| 128|0x0000000614a00000, 0x0000000614a00000, 0x0000000614c00000|  0%| F|  |TAMS 0x0000000614a00000, 0x0000000614a00000| Untracked 
| 129|0x0000000614c00000, 0x0000000614c00000, 0x0000000614e00000|  0%| F|  |TAMS 0x0000000614c00000, 0x0000000614c00000| Untracked 
| 130|0x0000000614e00000, 0x0000000614e00000, 0x0000000615000000|  0%| F|  |TAMS 0x0000000614e00000, 0x0000000614e00000| Untracked 
| 131|0x0000000615000000, 0x0000000615000000, 0x0000000615200000|  0%| F|  |TAMS 0x0000000615000000, 0x0000000615000000| Untracked 
| 132|0x0000000615200000, 0x0000000615200000, 0x0000000615400000|  0%| F|  |TAMS 0x0000000615200000, 0x0000000615200000| Untracked 
| 133|0x0000000615400000, 0x0000000615400000, 0x0000000615600000|  0%| F|  |TAMS 0x0000000615400000, 0x0000000615400000| Untracked 
| 134|0x0000000615600000, 0x0000000615600000, 0x0000000615800000|  0%| F|  |TAMS 0x0000000615600000, 0x0000000615600000| Untracked 
| 135|0x0000000615800000, 0x0000000615800000, 0x0000000615a00000|  0%| F|  |TAMS 0x0000000615800000, 0x0000000615800000| Untracked 
| 136|0x0000000615a00000, 0x0000000615a00000, 0x0000000615c00000|  0%| F|  |TAMS 0x0000000615a00000, 0x0000000615a00000| Untracked 
| 137|0x0000000615c00000, 0x0000000615c00000, 0x0000000615e00000|  0%| F|  |TAMS 0x0000000615c00000, 0x0000000615c00000| Untracked 
| 138|0x0000000615e00000, 0x0000000615e00000, 0x0000000616000000|  0%| F|  |TAMS 0x0000000615e00000, 0x0000000615e00000| Untracked 
| 139|0x0000000616000000, 0x0000000616000000, 0x0000000616200000|  0%| F|  |TAMS 0x0000000616000000, 0x0000000616000000| Untracked 
| 140|0x0000000616200000, 0x0000000616200000, 0x0000000616400000|  0%| F|  |TAMS 0x0000000616200000, 0x0000000616200000| Untracked 
| 141|0x0000000616400000, 0x0000000616400000, 0x0000000616600000|  0%| F|  |TAMS 0x0000000616400000, 0x0000000616400000| Untracked 
| 142|0x0000000616600000, 0x0000000616600000, 0x0000000616800000|  0%| F|  |TAMS 0x0000000616600000, 0x0000000616600000| Untracked 
| 143|0x0000000616800000, 0x0000000616800000, 0x0000000616a00000|  0%| F|  |TAMS 0x0000000616800000, 0x0000000616800000| Untracked 
| 144|0x0000000616a00000, 0x0000000616a00000, 0x0000000616c00000|  0%| F|  |TAMS 0x0000000616a00000, 0x0000000616a00000| Untracked 
| 145|0x0000000616c00000, 0x0000000616c00000, 0x0000000616e00000|  0%| F|  |TAMS 0x0000000616c00000, 0x0000000616c00000| Untracked 
| 146|0x0000000616e00000, 0x0000000616e00000, 0x0000000617000000|  0%| F|  |TAMS 0x0000000616e00000, 0x0000000616e00000| Untracked 
| 147|0x0000000617000000, 0x0000000617000000, 0x0000000617200000|  0%| F|  |TAMS 0x0000000617000000, 0x0000000617000000| Untracked 
| 148|0x0000000617200000, 0x0000000617200000, 0x0000000617400000|  0%| F|  |TAMS 0x0000000617200000, 0x0000000617200000| Untracked 
| 149|0x0000000617400000, 0x0000000617400000, 0x0000000617600000|  0%| F|  |TAMS 0x0000000617400000, 0x0000000617400000| Untracked 
| 150|0x0000000617600000, 0x0000000617600000, 0x0000000617800000|  0%| F|  |TAMS 0x0000000617600000, 0x0000000617600000| Untracked 
| 151|0x0000000617800000, 0x0000000617800000, 0x0000000617a00000|  0%| F|  |TAMS 0x0000000617800000, 0x0000000617800000| Untracked 
| 152|0x0000000617a00000, 0x0000000617a00000, 0x0000000617c00000|  0%| F|  |TAMS 0x0000000617a00000, 0x0000000617a00000| Untracked 
| 153|0x0000000617c00000, 0x0000000617c00000, 0x0000000617e00000|  0%| F|  |TAMS 0x0000000617c00000, 0x0000000617c00000| Untracked 
| 154|0x0000000617e00000, 0x0000000617e00000, 0x0000000618000000|  0%| F|  |TAMS 0x0000000617e00000, 0x0000000617e00000| Untracked 
| 155|0x0000000618000000, 0x0000000618000000, 0x0000000618200000|  0%| F|  |TAMS 0x0000000618000000, 0x0000000618000000| Untracked 
| 156|0x0000000618200000, 0x0000000618200000, 0x0000000618400000|  0%| F|  |TAMS 0x0000000618200000, 0x0000000618200000| Untracked 
| 157|0x0000000618400000, 0x0000000618400000, 0x0000000618600000|  0%| F|  |TAMS 0x0000000618400000, 0x0000000618400000| Untracked 
| 158|0x0000000618600000, 0x0000000618600000, 0x0000000618800000|  0%| F|  |TAMS 0x0000000618600000, 0x0000000618600000| Untracked 
| 159|0x0000000618800000, 0x0000000618800000, 0x0000000618a00000|  0%| F|  |TAMS 0x0000000618800000, 0x0000000618800000| Untracked 
| 160|0x0000000618a00000, 0x0000000618a00000, 0x0000000618c00000|  0%| F|  |TAMS 0x0000000618a00000, 0x0000000618a00000| Untracked 
| 161|0x0000000618c00000, 0x0000000618c00000, 0x0000000618e00000|  0%| F|  |TAMS 0x0000000618c00000, 0x0000000618c00000| Untracked 
| 162|0x0000000618e00000, 0x0000000618e00000, 0x0000000619000000|  0%| F|  |TAMS 0x0000000618e00000, 0x0000000618e00000| Untracked 
| 163|0x0000000619000000, 0x0000000619000000, 0x0000000619200000|  0%| F|  |TAMS 0x0000000619000000, 0x0000000619000000| Untracked 
| 164|0x0000000619200000, 0x0000000619200000, 0x0000000619400000|  0%| F|  |TAMS 0x0000000619200000, 0x0000000619200000| Untracked 
| 165|0x0000000619400000, 0x0000000619400000, 0x0000000619600000|  0%| F|  |TAMS 0x0000000619400000, 0x0000000619400000| Untracked 
| 166|0x0000000619600000, 0x0000000619600000, 0x0000000619800000|  0%| F|  |TAMS 0x0000000619600000, 0x0000000619600000| Untracked 
| 167|0x0000000619800000, 0x0000000619800000, 0x0000000619a00000|  0%| F|  |TAMS 0x0000000619800000, 0x0000000619800000| Untracked 
| 168|0x0000000619a00000, 0x0000000619a00000, 0x0000000619c00000|  0%| F|  |TAMS 0x0000000619a00000, 0x0000000619a00000| Untracked 
| 169|0x0000000619c00000, 0x0000000619c00000, 0x0000000619e00000|  0%| F|  |TAMS 0x0000000619c00000, 0x0000000619c00000| Untracked 
| 170|0x0000000619e00000, 0x0000000619e00000, 0x000000061a000000|  0%| F|  |TAMS 0x0000000619e00000, 0x0000000619e00000| Untracked 
| 171|0x000000061a000000, 0x000000061a000000, 0x000000061a200000|  0%| F|  |TAMS 0x000000061a000000, 0x000000061a000000| Untracked 
| 172|0x000000061a200000, 0x000000061a200000, 0x000000061a400000|  0%| F|  |TAMS 0x000000061a200000, 0x000000061a200000| Untracked 
| 173|0x000000061a400000, 0x000000061a400000, 0x000000061a600000|  0%| F|  |TAMS 0x000000061a400000, 0x000000061a400000| Untracked 
| 174|0x000000061a600000, 0x000000061a600000, 0x000000061a800000|  0%| F|  |TAMS 0x000000061a600000, 0x000000061a600000| Untracked 
| 175|0x000000061a800000, 0x000000061a800000, 0x000000061aa00000|  0%| F|  |TAMS 0x000000061a800000, 0x000000061a800000| Untracked 
| 176|0x000000061aa00000, 0x000000061aa00000, 0x000000061ac00000|  0%| F|  |TAMS 0x000000061aa00000, 0x000000061aa00000| Untracked 
| 177|0x000000061ac00000, 0x000000061ada9c18, 0x000000061ae00000| 83%| S|CS|TAMS 0x000000061ac00000, 0x000000061ac00000| Complete 
| 178|0x000000061ae00000, 0x000000061b000000, 0x000000061b000000|100%| S|CS|TAMS 0x000000061ae00000, 0x000000061ae00000| Complete 
| 179|0x000000061b000000, 0x000000061b200000, 0x000000061b200000|100%| S|CS|TAMS 0x000000061b000000, 0x000000061b000000| Complete 
| 180|0x000000061b200000, 0x000000061b400000, 0x000000061b400000|100%| S|CS|TAMS 0x000000061b200000, 0x000000061b200000| Complete 
| 181|0x000000061b400000, 0x000000061b600000, 0x000000061b600000|100%| S|CS|TAMS 0x000000061b400000, 0x000000061b400000| Complete 
| 182|0x000000061b600000, 0x000000061b800000, 0x000000061b800000|100%| S|CS|TAMS 0x000000061b600000, 0x000000061b600000| Complete 
| 183|0x000000061b800000, 0x000000061b800000, 0x000000061ba00000|  0%| F|  |TAMS 0x000000061b800000, 0x000000061b800000| Untracked 
| 184|0x000000061ba00000, 0x000000061ba00000, 0x000000061bc00000|  0%| F|  |TAMS 0x000000061ba00000, 0x000000061ba00000| Untracked 
| 185|0x000000061bc00000, 0x000000061bc00000, 0x000000061be00000|  0%| F|  |TAMS 0x000000061bc00000, 0x000000061bc00000| Untracked 
| 186|0x000000061be00000, 0x000000061be00000, 0x000000061c000000|  0%| F|  |TAMS 0x000000061be00000, 0x000000061be00000| Untracked 
| 187|0x000000061c000000, 0x000000061c000000, 0x000000061c200000|  0%| F|  |TAMS 0x000000061c000000, 0x000000061c000000| Untracked 
| 188|0x000000061c200000, 0x000000061c400000, 0x000000061c400000|100%| S|CS|TAMS 0x000000061c200000, 0x000000061c200000| Complete 
| 189|0x000000061c400000, 0x000000061c400000, 0x000000061c600000|  0%| F|  |TAMS 0x000000061c400000, 0x000000061c400000| Untracked 
| 190|0x000000061c600000, 0x000000061c600000, 0x000000061c800000|  0%| F|  |TAMS 0x000000061c600000, 0x000000061c600000| Untracked 
| 191|0x000000061c800000, 0x000000061c800000, 0x000000061ca00000|  0%| F|  |TAMS 0x000000061c800000, 0x000000061c800000| Untracked 
| 192|0x000000061ca00000, 0x000000061cb00800, 0x000000061cc00000| 50%| E|  |TAMS 0x000000061ca00000, 0x000000061ca00000| Complete 
| 193|0x000000061cc00000, 0x000000061ce00000, 0x000000061ce00000|100%| E|CS|TAMS 0x000000061cc00000, 0x000000061cc00000| Complete 
| 194|0x000000061ce00000, 0x000000061d000000, 0x000000061d000000|100%| E|CS|TAMS 0x000000061ce00000, 0x000000061ce00000| Complete 
| 195|0x000000061d000000, 0x000000061d200000, 0x000000061d200000|100%| E|CS|TAMS 0x000000061d000000, 0x000000061d000000| Complete 
| 196|0x000000061d200000, 0x000000061d400000, 0x000000061d400000|100%| E|CS|TAMS 0x000000061d200000, 0x000000061d200000| Complete 
| 197|0x000000061d400000, 0x000000061d600000, 0x000000061d600000|100%| E|CS|TAMS 0x000000061d400000, 0x000000061d400000| Complete 
| 198|0x000000061d600000, 0x000000061d800000, 0x000000061d800000|100%| E|CS|TAMS 0x000000061d600000, 0x000000061d600000| Complete 
| 199|0x000000061d800000, 0x000000061da00000, 0x000000061da00000|100%| E|CS|TAMS 0x000000061d800000, 0x000000061d800000| Complete 
| 200|0x000000061da00000, 0x000000061dc00000, 0x000000061dc00000|100%| E|CS|TAMS 0x000000061da00000, 0x000000061da00000| Complete 
| 201|0x000000061dc00000, 0x000000061de00000, 0x000000061de00000|100%| E|CS|TAMS 0x000000061dc00000, 0x000000061dc00000| Complete 
| 202|0x000000061de00000, 0x000000061e000000, 0x000000061e000000|100%| E|CS|TAMS 0x000000061de00000, 0x000000061de00000| Complete 
| 203|0x000000061e000000, 0x000000061e200000, 0x000000061e200000|100%| E|CS|TAMS 0x000000061e000000, 0x000000061e000000| Complete 
| 204|0x000000061e200000, 0x000000061e400000, 0x000000061e400000|100%| E|CS|TAMS 0x000000061e200000, 0x000000061e200000| Complete 
| 205|0x000000061e400000, 0x000000061e600000, 0x000000061e600000|100%| E|CS|TAMS 0x000000061e400000, 0x000000061e400000| Complete 
| 206|0x000000061e600000, 0x000000061e800000, 0x000000061e800000|100%| E|CS|TAMS 0x000000061e600000, 0x000000061e600000| Complete 
| 207|0x000000061e800000, 0x000000061ea00000, 0x000000061ea00000|100%| E|CS|TAMS 0x000000061e800000, 0x000000061e800000| Complete 
| 208|0x000000061ea00000, 0x000000061ec00000, 0x000000061ec00000|100%| E|CS|TAMS 0x000000061ea00000, 0x000000061ea00000| Complete 
| 209|0x000000061ec00000, 0x000000061ee00000, 0x000000061ee00000|100%| E|CS|TAMS 0x000000061ec00000, 0x000000061ec00000| Complete 
| 210|0x000000061ee00000, 0x000000061f000000, 0x000000061f000000|100%| E|CS|TAMS 0x000000061ee00000, 0x000000061ee00000| Complete 
| 211|0x000000061f000000, 0x000000061f200000, 0x000000061f200000|100%| E|CS|TAMS 0x000000061f000000, 0x000000061f000000| Complete 
| 212|0x000000061f200000, 0x000000061f400000, 0x000000061f400000|100%| E|CS|TAMS 0x000000061f200000, 0x000000061f200000| Complete 
| 213|0x000000061f400000, 0x000000061f600000, 0x000000061f600000|100%| E|CS|TAMS 0x000000061f400000, 0x000000061f400000| Complete 
| 214|0x000000061f600000, 0x000000061f800000, 0x000000061f800000|100%| E|CS|TAMS 0x000000061f600000, 0x000000061f600000| Complete 
| 215|0x000000061f800000, 0x000000061fa00000, 0x000000061fa00000|100%| E|CS|TAMS 0x000000061f800000, 0x000000061f800000| Complete 
| 216|0x000000061fa00000, 0x000000061fc00000, 0x000000061fc00000|100%| E|CS|TAMS 0x000000061fa00000, 0x000000061fa00000| Complete 
| 217|0x000000061fc00000, 0x000000061fe00000, 0x000000061fe00000|100%| E|CS|TAMS 0x000000061fc00000, 0x000000061fc00000| Complete 
| 218|0x000000061fe00000, 0x0000000620000000, 0x0000000620000000|100%| E|CS|TAMS 0x000000061fe00000, 0x000000061fe00000| Complete 
| 219|0x0000000620000000, 0x0000000620200000, 0x0000000620200000|100%| E|CS|TAMS 0x0000000620000000, 0x0000000620000000| Complete 
| 220|0x0000000620200000, 0x0000000620400000, 0x0000000620400000|100%| E|CS|TAMS 0x0000000620200000, 0x0000000620200000| Complete 
| 221|0x0000000620400000, 0x0000000620600000, 0x0000000620600000|100%| E|CS|TAMS 0x0000000620400000, 0x0000000620400000| Complete 
| 222|0x0000000620600000, 0x0000000620800000, 0x0000000620800000|100%| E|CS|TAMS 0x0000000620600000, 0x0000000620600000| Complete 
| 223|0x0000000620800000, 0x0000000620a00000, 0x0000000620a00000|100%| E|CS|TAMS 0x0000000620800000, 0x0000000620800000| Complete 
| 224|0x0000000620a00000, 0x0000000620c00000, 0x0000000620c00000|100%| E|CS|TAMS 0x0000000620a00000, 0x0000000620a00000| Complete 
| 225|0x0000000620c00000, 0x0000000620e00000, 0x0000000620e00000|100%| E|CS|TAMS 0x0000000620c00000, 0x0000000620c00000| Complete 
| 226|0x0000000620e00000, 0x0000000621000000, 0x0000000621000000|100%| E|CS|TAMS 0x0000000620e00000, 0x0000000620e00000| Complete 
| 227|0x0000000621000000, 0x0000000621200000, 0x0000000621200000|100%| E|CS|TAMS 0x0000000621000000, 0x0000000621000000| Complete 
| 228|0x0000000621200000, 0x0000000621400000, 0x0000000621400000|100%| E|CS|TAMS 0x0000000621200000, 0x0000000621200000| Complete 
| 229|0x0000000621400000, 0x0000000621600000, 0x0000000621600000|100%| E|CS|TAMS 0x0000000621400000, 0x0000000621400000| Complete 
| 230|0x0000000621600000, 0x0000000621800000, 0x0000000621800000|100%| E|CS|TAMS 0x0000000621600000, 0x0000000621600000| Complete 
| 231|0x0000000621800000, 0x0000000621a00000, 0x0000000621a00000|100%| E|CS|TAMS 0x0000000621800000, 0x0000000621800000| Complete 
| 232|0x0000000621a00000, 0x0000000621c00000, 0x0000000621c00000|100%| E|CS|TAMS 0x0000000621a00000, 0x0000000621a00000| Complete 
| 233|0x0000000621c00000, 0x0000000621e00000, 0x0000000621e00000|100%| E|CS|TAMS 0x0000000621c00000, 0x0000000621c00000| Complete 
| 234|0x0000000621e00000, 0x0000000622000000, 0x0000000622000000|100%| E|CS|TAMS 0x0000000621e00000, 0x0000000621e00000| Complete 
| 235|0x0000000622000000, 0x0000000622200000, 0x0000000622200000|100%| E|CS|TAMS 0x0000000622000000, 0x0000000622000000| Complete 
| 236|0x0000000622200000, 0x0000000622400000, 0x0000000622400000|100%| E|CS|TAMS 0x0000000622200000, 0x0000000622200000| Complete 
| 237|0x0000000622400000, 0x0000000622600000, 0x0000000622600000|100%| E|CS|TAMS 0x0000000622400000, 0x0000000622400000| Complete 
| 238|0x0000000622600000, 0x0000000622800000, 0x0000000622800000|100%| E|CS|TAMS 0x0000000622600000, 0x0000000622600000| Complete 
| 239|0x0000000622800000, 0x0000000622a00000, 0x0000000622a00000|100%| E|CS|TAMS 0x0000000622800000, 0x0000000622800000| Complete 
| 240|0x0000000622a00000, 0x0000000622c00000, 0x0000000622c00000|100%| E|CS|TAMS 0x0000000622a00000, 0x0000000622a00000| Complete 
| 241|0x0000000622c00000, 0x0000000622e00000, 0x0000000622e00000|100%| E|CS|TAMS 0x0000000622c00000, 0x0000000622c00000| Complete 
| 242|0x0000000622e00000, 0x0000000623000000, 0x0000000623000000|100%| E|CS|TAMS 0x0000000622e00000, 0x0000000622e00000| Complete 
| 243|0x0000000623000000, 0x0000000623200000, 0x0000000623200000|100%| E|CS|TAMS 0x0000000623000000, 0x0000000623000000| Complete 
| 244|0x0000000623200000, 0x0000000623400000, 0x0000000623400000|100%| E|CS|TAMS 0x0000000623200000, 0x0000000623200000| Complete 
| 245|0x0000000623400000, 0x0000000623600000, 0x0000000623600000|100%| E|CS|TAMS 0x0000000623400000, 0x0000000623400000| Complete 
| 246|0x0000000623600000, 0x0000000623800000, 0x0000000623800000|100%| E|CS|TAMS 0x0000000623600000, 0x0000000623600000| Complete 
| 247|0x0000000623800000, 0x0000000623a00000, 0x0000000623a00000|100%| E|CS|TAMS 0x0000000623800000, 0x0000000623800000| Complete 
| 248|0x0000000623a00000, 0x0000000623c00000, 0x0000000623c00000|100%| E|CS|TAMS 0x0000000623a00000, 0x0000000623a00000| Complete 
| 249|0x0000000623c00000, 0x0000000623e00000, 0x0000000623e00000|100%| E|CS|TAMS 0x0000000623c00000, 0x0000000623c00000| Complete 
| 250|0x0000000623e00000, 0x0000000624000000, 0x0000000624000000|100%| E|CS|TAMS 0x0000000623e00000, 0x0000000623e00000| Complete 
| 251|0x0000000624000000, 0x0000000624200000, 0x0000000624200000|100%| E|CS|TAMS 0x0000000624000000, 0x0000000624000000| Complete 
| 252|0x0000000624200000, 0x0000000624400000, 0x0000000624400000|100%| E|CS|TAMS 0x0000000624200000, 0x0000000624200000| Complete 
| 253|0x0000000624400000, 0x0000000624600000, 0x0000000624600000|100%| E|CS|TAMS 0x0000000624400000, 0x0000000624400000| Complete 

Card table byte_map: [0x0000021c4a7d0000,0x0000021c4b7b0000] _byte_map_base: 0x0000021c477ab000

Marking Bits (Prev, Next): (CMBitMap*) 0x0000021c32931630, (CMBitMap*) 0x0000021c329315f8
 Prev Bits: [0x0000021c54670000, 0x0000021c5c548000)
 Next Bits: [0x0000021c4c790000, 0x0000021c54668000)

Polling page: 0x0000021c32070000

Metaspace:

Usage:
  Non-class:     30.75 MB capacity,    30.33 MB ( 99%) used,   334.05 KB (  1%) free+waste,    92.56 KB ( <1%) overhead. 
      Class:      4.25 MB capacity,     3.94 MB ( 93%) used,   277.40 KB (  6%) free+waste,    43.88 KB (  1%) overhead. 
       Both:     35.00 MB capacity,    34.27 MB ( 98%) used,   611.45 KB (  2%) free+waste,   136.44 KB ( <1%) overhead. 

Virtual space:
  Non-class space:       32.00 MB reserved,      30.83 MB ( 96%) committed 
      Class space:        1.00 GB reserved,       4.25 MB ( <1%) committed 
             Both:        1.03 GB reserved,      35.08 MB (  3%) committed 

Chunk freelists:
   Non-Class:  6.50 KB
       Class:  0 bytes
        Both:  6.50 KB

CodeHeap 'non-profiled nmethods': size=119168Kb used=2420Kb max_used=2420Kb free=116747Kb
 bounds [0x0000021c41b10000, 0x0000021c41d80000, 0x0000021c48f70000]
CodeHeap 'profiled nmethods': size=119168Kb used=7930Kb max_used=7930Kb free=111237Kb
 bounds [0x0000021c3a6b0000, 0x0000021c3ae70000, 0x0000021c41b10000]
CodeHeap 'non-nmethods': size=7424Kb used=2965Kb max_used=3018Kb free=4459Kb
 bounds [0x0000021c39f70000, 0x0000021c3a280000, 0x0000021c3a6b0000]
 total_blobs=4041 nmethods=3496 adapters=461
 compilation: enabled
              stopped_count=0, restarted_count=0
 full_count=0

Compilation events (10 events):
Event: 4.104 Thread 0x0000021c601fd000 3494       1       eu.europa.esig.dss.policy.jaxb.Algo::getSize (5 bytes)
Event: 4.104 Thread 0x0000021c6464e800 3495       4       java.lang.Integer::compare (20 bytes)
Event: 4.104 Thread 0x0000021c601fd000 nmethod 3494 0x0000021c41d69f90 code [0x0000021c41d6a120, 0x0000021c41d6a1d8]
Event: 4.104 Thread 0x0000021c60200000 nmethod 3493 0x0000021c41d6a290 code [0x0000021c41d6a420, 0x0000021c41d6a4d8]
Event: 4.104 Thread 0x0000021c60200000 3496       3       java.util.Calendar::getSetStateFields (36 bytes)
Event: 4.105 Thread 0x0000021c60200000 nmethod 3496 0x0000021c3ae6b590 code [0x0000021c3ae6b740, 0x0000021c3ae6b978]
Event: 4.105 Thread 0x0000021c6464e800 nmethod 3495 0x0000021c41d6a590 code [0x0000021c41d6a700, 0x0000021c41d6a758]
Event: 4.106 Thread 0x0000021c60089800 nmethod 3492 0x0000021c3ae6ba90 code [0x0000021c3ae6bda0, 0x0000021c3ae6ded8]
Event: 4.107 Thread 0x0000021c624c0000 nmethod 3469 0x0000021c41d6a810 code [0x0000021c41d6a9a0, 0x0000021c41d6af18]
Event: 4.113 Thread 0x0000021c61a6d000 nmethod 3459 0x0000021c41d6b110 code [0x0000021c41d6b300, 0x0000021c41d6ca90]

GC Heap History (6 events):
Event: 0.578 GC heap before
{Heap before GC invocations=0 (full 0):
 garbage-first heap   total 520192K, used 24576K [0x0000000604a00000, 0x0000000800000000)
  region size 2048K, 12 young (24576K), 0 survivors (0K)
 Metaspace       used 8972K, capacity 9140K, committed 9344K, reserved 1058816K
  class space    used 828K, capacity 882K, committed 896K, reserved 1048576K
}
Event: 0.583 GC heap after
{Heap after GC invocations=1 (full 0):
 garbage-first heap   total 520192K, used 4846K [0x0000000604a00000, 0x0000000800000000)
  region size 2048K, 2 young (4096K), 2 survivors (4096K)
 Metaspace       used 8972K, capacity 9140K, committed 9344K, reserved 1058816K
  class space    used 828K, capacity 882K, committed 896K, reserved 1048576K
}
Event: 2.145 GC heap before
{Heap before GC invocations=1 (full 0):
 garbage-first heap   total 520192K, used 131822K [0x0000000604a00000, 0x0000000800000000)
  region size 2048K, 66 young (135168K), 2 survivors (4096K)
 Metaspace       used 20617K, capacity 21214K, committed 21296K, reserved 1069056K
  class space    used 2379K, capacity 2660K, committed 2688K, reserved 1048576K
}
Event: 2.151 GC heap after
{Heap after GC invocations=2 (full 0):
 garbage-first heap   total 520192K, used 10876K [0x0000000604a00000, 0x0000000800000000)
  region size 2048K, 5 young (10240K), 5 survivors (10240K)
 Metaspace       used 20617K, capacity 21214K, committed 21296K, reserved 1069056K
  class space    used 2379K, capacity 2660K, committed 2688K, reserved 1048576K
}
Event: 3.212 GC heap before
{Heap before GC invocations=3 (full 0):
 garbage-first heap   total 520192K, used 141948K [0x0000000604a00000, 0x0000000800000000)
  region size 2048K, 70 young (143360K), 5 survivors (10240K)
 Metaspace       used 28281K, capacity 28994K, committed 29104K, reserved 1075200K
  class space    used 3274K, capacity 3572K, committed 3584K, reserved 1048576K
}
Event: 3.220 GC heap after
{Heap after GC invocations=4 (full 0):
 garbage-first heap   total 520192K, used 18793K [0x0000000604a00000, 0x0000000800000000)
  region size 2048K, 7 young (14336K), 7 survivors (14336K)
 Metaspace       used 28281K, capacity 28994K, committed 29104K, reserved 1075200K
  class space    used 3274K, capacity 3572K, committed 3584K, reserved 1048576K
}

Deoptimization events (10 events):
Event: 3.979 Thread 0x0000021c328ab800 Uncommon trap: reason=unstable_if action=reinterpret pc=0x0000021c41c907f0 method=java.util.HashMap.putVal(ILjava/lang/Object;Ljava/lang/Object;ZZ)Ljava/lang/Object; @ 162 c2
Event: 3.980 Thread 0x0000021c328ab800 Uncommon trap: reason=unstable_if action=reinterpret pc=0x0000021c41bacc40 method=java.util.HashMap.getNode(ILjava/lang/Object;)Ljava/util/HashMap$Node; @ 84 c2
Event: 3.980 Thread 0x0000021c328ab800 Uncommon trap: reason=unstable_if action=reinterpret pc=0x0000021c41ba9868 method=java.util.HashMap.getNode(ILjava/lang/Object;)Ljava/util/HashMap$Node; @ 84 c2
Event: 3.983 Thread 0x0000021c328ab800 Uncommon trap: reason=unstable_if action=reinterpret pc=0x0000021c41b6a744 method=java.util.HashMap.resize()[Ljava/util/HashMap$Node; @ 203 c2
Event: 4.068 Thread 0x0000021c328ab800 Uncommon trap: reason=unstable_if action=reinterpret pc=0x0000021c41cbd5c8 method=java.util.WeakHashMap.put(Ljava/lang/Object;Ljava/lang/Object;)Ljava/lang/Object; @ 148 c2
Event: 4.085 Thread 0x0000021c328ab800 Uncommon trap: reason=unstable_if action=reinterpret pc=0x0000021c41cac87c method=java.io.BufferedInputStream.read1([BII)I @ 60 c2
Event: 4.096 Thread 0x0000021c328ab800 Uncommon trap: reason=unstable_if action=reinterpret pc=0x0000021c41b26d64 method=java.lang.StringLatin1.canEncode(I)Z @ 4 c2
Event: 4.096 Thread 0x0000021c328ab800 Uncommon trap: reason=unstable_if action=reinterpret pc=0x0000021c41b83e5c method=java.lang.AbstractStringBuilder.isLatin1()Z @ 10 c2
Event: 4.098 Thread 0x0000021c328ab800 Uncommon trap: reason=unstable_if action=reinterpret pc=0x0000021c41b28a1c method=java.lang.StringLatin1.canEncode(I)Z @ 4 c2
Event: 4.098 Thread 0x0000021c328ab800 Uncommon trap: reason=unstable_if action=reinterpret pc=0x0000021c41b225c0 method=java.lang.StringLatin1.canEncode(I)Z @ 4 c2

Classes redefined (0 events):
No events

Internal exceptions (10 events):
Event: 2.752 Thread 0x0000021c328ab800 Exception <a 'java/lang/NoSuchMethodError'{0x000000061fb4c850}: java.lang.invoke.DirectMethodHandle$Holder.invokeStaticInit(Ljava/lang/Object;IIII)Ljava/lang/Object;> (0x000000061fb4c850) thrown at [./open/src/hotspot/share/interpreter/linkResolver.cpp, l
Event: 2.756 Thread 0x0000021c328ab800 Exception <a 'java/io/FileNotFoundException'{0x000000061fba41c0}> (0x000000061fba41c0) thrown at [./open/src/hotspot/share/prims/jni.cpp, line 611]
Event: 2.756 Thread 0x0000021c328ab800 Exception <a 'java/lang/IllegalStateException'{0x000000061fba4ea0}> (0x000000061fba4ea0) thrown at [./open/src/hotspot/share/prims/jvm.cpp, line 1309]
Event: 2.798 Thread 0x0000021c328ab800 Exception <a 'sun/nio/fs/WindowsException'{0x000000061f3b02f8}> (0x000000061f3b02f8) thrown at [./open/src/hotspot/share/prims/jni.cpp, line 611]
Event: 3.555 Thread 0x0000021c328ab800 Implicit null exception at 0x0000021c41ccee13 to 0x0000021c41ccfdb8
Event: 3.693 Thread 0x0000021c328ab800 Exception <a 'java/lang/NullPointerException'{0x000000061eb5be38}> (0x000000061eb5be38) thrown at [./open/src/hotspot/share/interpreter/linkResolver.cpp, line 1436]
Event: 3.718 Thread 0x0000021c328ab800 Implicit null exception at 0x0000021c41bea53e to 0x0000021c41beb3d8
Event: 3.824 Thread 0x0000021c328ab800 Implicit null exception at 0x0000021c41c81e74 to 0x0000021c41c82120
Event: 3.924 Thread 0x0000021c328ab800 Exception <a 'java/lang/ClassNotFoundException'{0x000000061d425a10}: com/sun/org/apache/xerces/internal/impl/xpath/regex/spi/messageProvider> (0x000000061d425a10) thrown at [./open/src/hotspot/share/classfile/systemDictionary.cpp, line 226]
Event: 4.054 Thread 0x0000021c328ab800 Exception <a 'java/lang/NoClassDefFoundError'{0x000000061cc9ecd8}: org/jvnet/staxex/XMLStreamReaderEx> (0x000000061cc9ecd8) thrown at [./open/src/hotspot/share/classfile/systemDictionary.cpp, line 215]

Events (10 events):
Event: 4.112 loading class org/bouncycastle/tsp/TSPException done
Event: 4.113 loading class org/bouncycastle/operator/DigestCalculatorProvider
Event: 4.113 loading class org/bouncycastle/operator/DigestCalculatorProvider done
Event: 4.113 loading class org/bouncycastle/util/Store
Event: 4.113 loading class org/bouncycastle/util/Store done
Event: 4.114 loading class java/security/UnrecoverableEntryException
Event: 4.114 loading class java/security/UnrecoverableEntryException done
Event: 4.114 loading class java/security/KeyStore$ProtectionParameter
Event: 4.114 loading class java/security/KeyStore$ProtectionParameter done
Event: 4.116 Executing VM operation: ChangeBreakpoints


Dynamic libraries:
0x00007ff6c0bf0000 - 0x00007ff6c0c00000 	C:\Program Files\Java\jdk-11\bin\java.exe
0x00007ffbc0a30000 - 0x00007ffbc0c44000 	C:\Windows\SYSTEM32\ntdll.dll
0x00007ffbbf0a0000 - 0x00007ffbbf164000 	C:\Windows\System32\KERNEL32.DLL
0x00007ffbbe3c0000 - 0x00007ffbbe764000 	C:\Windows\System32\KERNELBASE.dll
0x00007ffbbe270000 - 0x00007ffbbe381000 	C:\Windows\System32\ucrtbase.dll
0x00007ffbae170000 - 0x00007ffbae188000 	C:\Program Files\Java\jdk-11\bin\jli.dll
0x00007ffbc06e0000 - 0x00007ffbc0790000 	C:\Windows\System32\ADVAPI32.dll
0x00007ffbae070000 - 0x00007ffbae08b000 	C:\Program Files\Java\jdk-11\bin\VCRUNTIME140.dll
0x00007ffbc08c0000 - 0x00007ffbc0967000 	C:\Windows\System32\msvcrt.dll
0x00007ffbbe820000 - 0x00007ffbbe8c6000 	C:\Windows\System32\sechost.dll
0x00007ffbbe910000 - 0x00007ffbbea27000 	C:\Windows\System32\RPCRT4.dll
0x00007ffbbeb30000 - 0x00007ffbbecda000 	C:\Windows\System32\USER32.dll
0x00007ffbbe390000 - 0x00007ffbbe3b6000 	C:\Windows\System32\win32u.dll
0x00007ffbbed80000 - 0x00007ffbbeda9000 	C:\Windows\System32\GDI32.dll
0x00007ffb942a0000 - 0x00007ffb9452f000 	C:\Windows\WinSxS\amd64_microsoft.windows.common-controls_6595b64144ccf1df_6.0.22621.2070_none_2713e6537381f706\COMCTL32.dll
0x00007ffbbde10000 - 0x00007ffbbdf29000 	C:\Windows\System32\gdi32full.dll
0x00007ffbbe1d0000 - 0x00007ffbbe26a000 	C:\Windows\System32\msvcp_win.dll
0x00007ffbb39e0000 - 0x00007ffbb39ea000 	C:\Windows\SYSTEM32\VERSION.dll
0x00007ffbbe8d0000 - 0x00007ffbbe901000 	C:\Windows\System32\IMM32.DLL
0x00007ffbb4fb0000 - 0x00007ffbb4fbc000 	C:\Program Files\Java\jdk-11\bin\vcruntime140_1.dll
0x00007ffba6660000 - 0x00007ffba66ee000 	C:\Program Files\Java\jdk-11\bin\msvcp140.dll
0x00007ffb61100000 - 0x00007ffb61c68000 	C:\Program Files\Java\jdk-11\bin\server\jvm.dll
0x00007ffbbe7f0000 - 0x00007ffbbe7f8000 	C:\Windows\System32\PSAPI.DLL
0x00007ffbb4e80000 - 0x00007ffbb4eb4000 	C:\Windows\SYSTEM32\WINMM.dll
0x00007ffb88ed0000 - 0x00007ffb88ed9000 	C:\Windows\SYSTEM32\WSOCK32.dll
0x00007ffbbf020000 - 0x00007ffbbf091000 	C:\Windows\System32\WS2_32.dll
0x00007ffbbccd0000 - 0x00007ffbbcce8000 	C:\Windows\SYSTEM32\kernel.appcore.dll
0x00007ffbb4f90000 - 0x00007ffbb4fa0000 	C:\Program Files\Java\jdk-11\bin\verify.dll
0x00007ffbb04c0000 - 0x00007ffbb06ee000 	C:\Windows\SYSTEM32\DBGHELP.DLL
0x00007ffbc0020000 - 0x00007ffbc03aa000 	C:\Windows\System32\combase.dll
0x00007ffbbee10000 - 0x00007ffbbeee7000 	C:\Windows\System32\OLEAUT32.dll
0x00007ffbaef30000 - 0x00007ffbaef62000 	C:\Windows\SYSTEM32\dbgcore.DLL
0x00007ffbbe770000 - 0x00007ffbbe7ea000 	C:\Windows\System32\bcryptPrimitives.dll
0x00007ffbadef0000 - 0x00007ffbadf18000 	C:\Program Files\Java\jdk-11\bin\java.dll
0x00007ffbaec30000 - 0x00007ffbaec3a000 	C:\Program Files\Java\jdk-11\bin\jimage.dll
0x00007ffbad9c0000 - 0x00007ffbad9f8000 	C:\Program Files\Java\jdk-11\bin\jdwp.dll
0x00007ffbae750000 - 0x00007ffbae75e000 	C:\Program Files\Java\jdk-11\bin\instrument.dll
0x00007ffbade40000 - 0x00007ffbade57000 	C:\Program Files\Java\jdk-11\bin\zip.dll
0x00007ffbbf800000 - 0x00007ffbc0016000 	C:\Windows\System32\SHELL32.dll
0x00007ffbbbac0000 - 0x00007ffbbc3aa000 	C:\Windows\SYSTEM32\windows.storage.dll
0x00007ffbbb980000 - 0x00007ffbbbabe000 	C:\Windows\SYSTEM32\wintypes.dll
0x00007ffbbef10000 - 0x00007ffbbf003000 	C:\Windows\System32\SHCORE.dll
0x00007ffbbedb0000 - 0x00007ffbbee0e000 	C:\Windows\System32\shlwapi.dll
0x00007ffbbdd40000 - 0x00007ffbbdd66000 	C:\Windows\SYSTEM32\profapi.dll
0x00007ffbae740000 - 0x00007ffbae74b000 	C:\Program Files\Java\jdk-11\bin\dt_socket.dll
0x00007ffbbd2d0000 - 0x00007ffbbd339000 	C:\Windows\system32\mswsock.dll
0x00007ffbadb40000 - 0x00007ffbadb59000 	C:\Program Files\Java\jdk-11\bin\net.dll
0x00007ffbbcd40000 - 0x00007ffbbce77000 	C:\Windows\SYSTEM32\WINHTTP.dll
0x00007ffbadb20000 - 0x00007ffbadb32000 	C:\Program Files\Java\jdk-11\bin\nio.dll
0x00007ffba0290000 - 0x00007ffba0412000 	C:\Program Files\Java\jdk-11\bin\awt.dll
0x00007ffbbaed0000 - 0x00007ffbbaf67000 	C:\Windows\SYSTEM32\apphelp.dll
0x00007ffbae4c0000 - 0x00007ffbae4e7000 	C:\Program Files\Java\jdk-11\bin\sunec.dll
0x00007ffbae970000 - 0x00007ffbae97d000 	C:\Program Files\Java\jdk-11\bin\sunmscapi.dll
0x00007ffbbe060000 - 0x00007ffbbe1c7000 	C:\Windows\System32\CRYPT32.dll
0x00007ffbbd750000 - 0x00007ffbbd77e000 	C:\Windows\SYSTEM32\ncrypt.dll
0x00007ffbbd710000 - 0x00007ffbbd747000 	C:\Windows\SYSTEM32\NTASN1.dll
0x00007ffbbd5e0000 - 0x00007ffbbd5fb000 	C:\Windows\SYSTEM32\CRYPTSP.dll
0x00007ffbbcc90000 - 0x00007ffbbccc5000 	C:\Windows\system32\rsaenh.dll
0x00007ffbbd550000 - 0x00007ffbbd55c000 	C:\Windows\SYSTEM32\CRYPTBASE.dll
0x00007ffbbc600000 - 0x00007ffbbc62d000 	C:\Windows\SYSTEM32\IPHLPAPI.DLL
0x00007ffbbed70000 - 0x00007ffbbed79000 	C:\Windows\System32\NSI.dll
0x00007ffbb55c0000 - 0x00007ffbb55d9000 	C:\Windows\SYSTEM32\dhcpcsvc6.DLL
0x00007ffbb56d0000 - 0x00007ffbb56ef000 	C:\Windows\SYSTEM32\dhcpcsvc.DLL
0x00007ffbbc630000 - 0x00007ffbbc723000 	C:\Windows\SYSTEM32\DNSAPI.dll

dbghelp: loaded successfully - version: 4.0.5 - missing functions: none
symbol engine: initialized successfully - sym options: 0x614 - pdb path: .;C:\Program Files\Java\jdk-11\bin;C:\Windows\SYSTEM32;C:\Windows\WinSxS\amd64_microsoft.windows.common-controls_6595b64144ccf1df_6.0.22621.2070_none_2713e6537381f706;C:\Program Files\Java\jdk-11\bin\server

VM Arguments:
jvm_args: -agentlib:jdwp=transport=dt_socket,address=127.0.0.1:62856,suspend=y,server=n -ea -Didea.test.cyclic.buffer.size=1048576 -javaagent:C:\Users\FaroukKraiem\AppData\Local\JetBrains\IntelliJIdea2023.1\captureAgent\debugger-agent.jar -Dfile.encoding=UTF-8 
java_command: com.intellij.rt.junit.JUnitStarter -ideVersion5 -junit5 @w@C:\Users\FaroukKraiem\AppData\Local\Temp\idea_working_dirs_junit.tmp @C:\Users\FaroukKraiem\AppData\Local\Temp\idea_junit.tmp
java_class_path (initial): C:\Program Files\JetBrains\IntelliJ IDEA 2023.1.2\lib\idea_rt.jar;C:\Program Files\JetBrains\IntelliJ IDEA 2023.1.2\plugins\junit\lib\junit5-rt.jar;C:\Program Files\JetBrains\IntelliJ IDEA 2023.1.2\plugins\junit\lib\junit-rt.jar;C:\work\dss\esig-dss\dss-asic-cades\target\test-classes;C:\work\dss\esig-dss\dss-asic-cades\target\classes;C:\work\dss\esig-dss\dss-asic-common\target\classes;C:\work\dss\esig-dss\dss-document\target\classes;C:\work\dss\esig-dss\dss-spi\target\classes;C:\work\dss\esig-dss\dss-alert\target\classes;C:\Users\FaroukKraiem\.m2\repository\org\bouncycastle\bcpkix-jdk18on\1.74\bcpkix-jdk18on-1.74.jar;C:\Users\FaroukKraiem\.m2\repository\org\bouncycastle\bcutil-jdk18on\1.74\bcutil-jdk18on-1.74.jar;C:\work\dss\esig-dss\validation-policy\target\classes;C:\work\dss\esig-dss\dss-policy-jaxb\target\classes;C:\work\dss\esig-dss\dss-diagnostic-jaxb\target\classes;C:\work\dss\esig-dss\dss-simple-report-jaxb\target\classes;C:\work\dss\esig-dss\dss-simple-certificate-report-jaxb\target\classes;C:\work\dss\esig-dss\dss-detailed-report-jaxb\target\classes;C:\work\dss\esig-dss\specs-validation-report\target\classes;C:\work\dss\esig-dss\specs-xades\target\classes;C:\work\dss\esig-dss\specs-trusted-list\target\classes;C:\work\dss\esig-dss\dss-i18n\target\classes;C:\work\dss\esig-dss\dss-utils\target\classes;C:\work\dss\esig-dss\dss-cades\target\classes;C:\work\dss\esig-dss\dss-test\target\test-classes;C:\work\dss\esig-dss\dss-pki-factory-jaxb\target\classes;C:\work\dss\esig-dss\dss-pki-factory\target\classes;C:\Users\FaroukKraiem\.m2\repository\org\slf4j\slf4j-simple\2.0.7\slf4j-simple-2.0.7.jar;C:\Users\FaroukKraiem\.m2\repository\javax\annotation\javax.annotation-api\1.3.2\javax.annotation-api-1.3.2.jar;C:\Users\FaroukKraiem\.m2\repository\javax\xml\bind\jaxb-api\2.2.4\jaxb-api-2.2.4.jar;C:\Users\FaroukKraiem\.m2\repository\javax\xml\stream\stax-api\1.0-2\stax-api-1.0-2.jar;C:\Users\FaroukKraiem\.m2\repository\javax\activation\activat
Launcher Type: SUN_STANDARD

[Global flags]
     intx CICompilerCount                          = 12                                        {product} {ergonomic}
     uint ConcGCThreads                            = 3                                         {product} {ergonomic}
     uint G1ConcRefinementThreads                  = 13                                        {product} {ergonomic}
   size_t G1HeapRegionSize                         = 2097152                                   {product} {ergonomic}
    uintx GCDrainStackTargetSize                   = 64                                        {product} {ergonomic}
   size_t InitialHeapSize                          = 532676608                                 {product} {ergonomic}
   size_t MarkStackSize                            = 4194304                                   {product} {ergonomic}
   size_t MaxHeapSize                              = 8512339968                                {product} {ergonomic}
   size_t MaxNewSize                               = 5106565120                                {product} {ergonomic}
   size_t MinHeapDeltaBytes                        = 2097152                                   {product} {ergonomic}
    uintx NonNMethodCodeHeapSize                   = 7594288                                {pd product} {ergonomic}
    uintx NonProfiledCodeHeapSize                  = 122031976                              {pd product} {ergonomic}
    uintx ProfiledCodeHeapSize                     = 122031976                              {pd product} {ergonomic}
    uintx ReservedCodeCacheSize                    = 251658240                              {pd product} {ergonomic}
     bool SegmentedCodeCache                       = true                                      {product} {ergonomic}
     bool UseCompressedClassPointers               = true                                 {lp64_product} {ergonomic}
     bool UseCompressedOops                        = true                                 {lp64_product} {ergonomic}
     bool UseG1GC                                  = true                                      {product} {ergonomic}
     bool UseLargePagesIndividualAllocation        = false                                  {pd product} {ergonomic}

Logging:
Log output configuration:
 #0: stdout all=warning uptime,level,tags
 #1: stderr all=off uptime,level,tags

Environment Variables:
JAVA_HOME=C:\Program Files\Java\jdk-11
PATH=C:\Program Files (x86)\Common Files\Oracle\Java\javapath;%JAVA_HOME%\bin;%MAVEN_HOME%\bin;C:\Windows\system32;C:\Windows;C:\Windows\System32\Wbem;C:\Windows\System32\WindowsPowerShell\v1.0\;C:\Windows\System32\OpenSSH\;C:\Program Files\Git\cmd;;C:\Program Files\Docker\Docker\resources\bin;C:\Users\FaroukKraiem\AppData\Local\Microsoft\WindowsApps;C:\Program Files\apache-maven-3.9.2\bin;C:\Apache Software Foundation\apache-tomcat-9.0.75\bin;
USERNAME=FaroukKraiem
OS=Windows_NT
PROCESSOR_IDENTIFIER=Intel64 Family 6 Model 154 Stepping 3, GenuineIntel



---------------  S Y S T E M  ---------------

OS: Windows 11 , 64 bit Build 22621 (10.0.22621.2070)
Hyper-V role detected

CPU:total 16 (initial active 16) (8 cores per cpu, 2 threads per core) family 6 model 154 stepping 3 microcode 0x42c, cmov, cx8, fxsr, mmx, sse, sse2, sse3, ssse3, sse4.1, sse4.2, popcnt, avx, avx2, aes, clmul, erms, 3dnowpref, lzcnt, ht, tsc, tscinvbit, bmi1, bmi2, adx, sha, fma

Memory: 4k page, system-wide physical 32465M (17256M free)
TotalPageFile size 37329M (AvailPageFile size 17294M)
current process WorkingSet (physical memory assigned to process): 318M, peak: 325M
current process commit charge ("private bytes"): 719M, peak: 726M

vm_info: Java HotSpot(TM) 64-Bit Server VM (11.0.18+9-LTS-195) for windows-amd64 JRE (11.0.18+9-LTS-195), built on Dec  6 2022 15:50:58 by "mach5one" with MS VC++ 17.1 (VS2022)

END.
